<?xml version="1.0" encoding="UTF-8"?>
<!-- Generated by org.testng.reporters.JUnitReportReporter -->
<testsuite skipped="0" hostname="B34ZQN2" name="vn.kms.course.selenium.tests.GetSaleor.SearchProductTest" tests="1" failures="0" timestamp="08 May 2019 07:57:55 GMT" time="2.061" errors="0">
  <testcase name="searchProductTest" time="2.061" classname="vn.kms.course.selenium.tests.GetSaleor.SearchProductTest"/>
</testsuite> <!-- vn.kms.course.selenium.tests.GetSaleor.SearchProductTest -->
